<?xml version="1.0" encoding="UTF-8"?>
<testsuite name="SignUpSpec" time="5.474" tests="2" errors="1" skipped="0" failures="1">
  <properties>
    <property name="java.runtime.name" value="Java(TM) SE Runtime Environment"/>
    <property name="sun.boot.library.path" value="C:\Program Files\Java\jdk1.7.0_76\jre\bin"/>
    <property name="java.vm.version" value="24.76-b04"/>
    <property name="java.vm.vendor" value="Oracle Corporation"/>
    <property name="java.vendor.url" value="http://java.oracle.com/"/>
    <property name="path.separator" value=";"/>
    <property name="guice.disable.misplaced.annotation.check" value="true"/>
    <property name="java.vm.name" value="Java HotSpot(TM) 64-Bit Server VM"/>
    <property name="file.encoding.pkg" value="sun.io"/>
    <property name="user.script" value=""/>
    <property name="user.country" value="US"/>
    <property name="sun.java.launcher" value="SUN_STANDARD"/>
    <property name="sun.os.patch.level" value="Service Pack 1"/>
    <property name="java.vm.specification.name" value="Java Virtual Machine Specification"/>
    <property name="user.dir" value="I:\EclipseWorkPlaces\GebSpockMavenProj"/>
    <property name="java.runtime.version" value="1.7.0_76-b13"/>
    <property name="java.awt.graphicsenv" value="sun.awt.Win32GraphicsEnvironment"/>
    <property name="java.endorsed.dirs" value="C:\Program Files\Java\jdk1.7.0_76\jre\lib\endorsed"/>
    <property name="os.arch" value="amd64"/>
    <property name="java.io.tmpdir" value="C:\Users\framgia\AppData\Local\Temp\"/>
    <property name="line.separator" value="&#10;"/>
    <property name="java.vm.specification.vendor" value="Oracle Corporation"/>
    <property name="user.variant" value=""/>
    <property name="os.name" value="Windows 7"/>
    <property name="classworlds.conf" value="I:\EclipseWorkPlaces\.metadata\.plugins\org.eclipse.m2e.launching\launches\m2conf5859645309013014636.tmp"/>
    <property name="sun.jnu.encoding" value="Cp1252"/>
    <property name="java.library.path" value="C:\Program Files\Java\jdk1.7.0_76\bin;C:\Windows\Sun\Java\bin;C:\Windows\system32;C:\Windows;C:/Program Files/Java/jdk1.7.0_76/bin/../jre/bin/server;C:/Program Files/Java/jdk1.7.0_76/bin/../jre/bin;C:/Program Files/Java/jdk1.7.0_76/bin/../jre/lib/amd64;C:\Windows\system32;C:\Windows;C:\Windows\System32\Wbem;C:\Program Files\Java\jdk1.7.0_76\bin;C:\Java\apache-maven-3.2.3\bin;C:\Windows\System32\WindowsPowerShell\v1.0\;C:\Program Files (x86)\Git\cmd;C:\Program Files (x86)\Groovy\Groovy-1.8.6\bin; CLASSPATH=%CLASSPATH%;C:\JUNIT\junit.jar;C:\Program Files\nodejs\;C:\RailsInstaller\Git\cmd;C:\RailsInstaller\Ruby2.1.0\bin;C:\Ruby200-x64\bin;C:\Users\framgia\AppData\Roaming\npm;G:\SETUP\Java\eclipse;;."/>
    <property name="java.specification.name" value="Java Platform API Specification"/>
    <property name="java.class.version" value="51.0"/>
    <property name="sun.management.compiler" value="HotSpot 64-Bit Tiered Compilers"/>
    <property name="os.version" value="6.1"/>
    <property name="user.home" value="C:\Users\framgia"/>
    <property name="user.timezone" value="Asia/Bangkok"/>
    <property name="java.awt.printerjob" value="sun.awt.windows.WPrinterJob"/>
    <property name="java.specification.version" value="1.7"/>
    <property name="file.encoding" value="Cp1252"/>
    <property name="user.name" value="framgia"/>
    <property name="java.class.path" value="/G:/SETUP/Java/eclipse/plugins/org.eclipse.m2e.maven.runtime_1.5.0.20140605-2032/jars/plexus-classworlds-2.5.1.jar"/>
    <property name="org.slf4j.simpleLogger.defaultLogLevel" value="info"/>
    <property name="java.vm.specification.version" value="1.7"/>
    <property name="sun.arch.data.model" value="64"/>
    <property name="java.home" value="C:\Program Files\Java\jdk1.7.0_76\jre"/>
    <property name="sun.java.command" value="org.codehaus.plexus.classworlds.launcher.Launcher -B test"/>
    <property name="java.specification.vendor" value="Oracle Corporation"/>
    <property name="user.language" value="en"/>
    <property name="awt.toolkit" value="sun.awt.windows.WToolkit"/>
    <property name="java.vm.info" value="mixed mode"/>
    <property name="java.version" value="1.7.0_76"/>
    <property name="java.ext.dirs" value="C:\Program Files\Java\jdk1.7.0_76\jre\lib\ext;C:\Windows\Sun\Java\lib\ext"/>
    <property name="sun.boot.class.path" value="C:\Program Files\Java\jdk1.7.0_76\jre\lib\resources.jar;C:\Program Files\Java\jdk1.7.0_76\jre\lib\rt.jar;C:\Program Files\Java\jdk1.7.0_76\jre\lib\sunrsasign.jar;C:\Program Files\Java\jdk1.7.0_76\jre\lib\jsse.jar;C:\Program Files\Java\jdk1.7.0_76\jre\lib\jce.jar;C:\Program Files\Java\jdk1.7.0_76\jre\lib\charsets.jar;C:\Program Files\Java\jdk1.7.0_76\jre\lib\jfr.jar;C:\Program Files\Java\jdk1.7.0_76\jre\classes"/>
    <property name="java.vendor" value="Oracle Corporation"/>
    <property name="maven.home" value="I:\EclipseWorkPlaces\GebSpockMavenProj\EMBEDDED"/>
    <property name="file.separator" value="\"/>
    <property name="java.vendor.url.bug" value="http://bugreport.sun.com/bugreport/"/>
    <property name="sun.cpu.endian" value="little"/>
    <property name="sun.io.unicode.encoding" value="UnicodeLittle"/>
    <property name="sun.desktop" value="windows"/>
    <property name="sun.cpu.isalist" value="amd64"/>
  </properties>
  <testcase name="sign up with blank username and password" classname="SignUpSpec" time="0.983">
    <failure message="The required page content &apos;submitButton - SimplePageContent (owner: SignUpPage, args: [], value: null)&apos; is not present" type="geb.error.RequiredPageContentNotPresent">geb.error.RequiredPageContentNotPresent: The required page content 'submitButton - SimplePageContent (owner: SignUpPage, args: [], value: null)' is not present
	at geb.content.TemplateDerivedPageContent.require(TemplateDerivedPageContent.groovy:66)
	at geb.content.PageContentTemplate.create_closure1(PageContentTemplate.groovy:63)
	at geb.content.PageContentTemplate.create_closure1(PageContentTemplate.groovy)
	at geb.content.PageContentTemplate.create(PageContentTemplate.groovy:82)
	at geb.content.PageContentTemplate.get(PageContentTemplate.groovy:54)
	at geb.content.PageContentSupport.getContent(PageContentSupport.groovy:43)
	at geb.content.PageContentSupport.propertyMissing(PageContentSupport.groovy:59)
	at geb.Page.propertyMissing(Page.groovy:77)
	at geb.Browser.propertyMissing(Browser.groovy:210)
	at geb.spock.GebSpec.propertyMissing(GebSpec.groovy:58)
	at SignUpSpec.sign up with blank username and password(SignUpSpec.groovy:15)
</failure>
  </testcase>
  <testcase name="sign up with valid username and password" classname="SignUpSpec" time="4.491">
    <error message="The given selector input[id=user_name is either invalid or does not result in a WebElement. The following error occurred:&#10;InvalidSelectorError: An invalid or illegal selector was specified&#10;Command duration or timeout: 52 milliseconds&#10;For documentation on this error, please visit: http://seleniumhq.org/exceptions/invalid_selector_exception.html&#10;Build info: version: &apos;2.45.0&apos;, revision: &apos;5017cb8e7ca8e37638dc3091b2440b90a1d8686f&apos;, time: &apos;2015-02-27 09:10:26&apos;&#10;System info: host: &apos;framgia-PC&apos;, ip: &apos;192.168.1.162&apos;, os.name: &apos;Windows 7&apos;, os.arch: &apos;amd64&apos;, os.version: &apos;6.1&apos;, java.version: &apos;1.7.0_76&apos;&#10;*** Element info: {Using=css selector, value=input[id=user_name}&#10;Session ID: 3c91279c-7dd9-47a3-bcc5-a7cdc7421348&#10;Driver info: org.openqa.selenium.firefox.FirefoxDriver&#10;Capabilities [{platform=WINDOWS, acceptSslCerts=true, javascriptEnabled=true, cssSelectorsEnabled=true, databaseEnabled=true, browserName=firefox, handlesAlerts=true, nativeEvents=true, webStorageEnabled=true, rotatable=false, locationContextEnabled=true, applicationCacheEnabled=true, takesScreenshot=true, version=33.0}]" type="org.openqa.selenium.InvalidSelectorException"><![CDATA[org.openqa.selenium.InvalidSelectorException: The given selector input[id=user_name is either invalid or does not result in a WebElement. The following error occurred:
InvalidSelectorError: An invalid or illegal selector was specified
Command duration or timeout: 52 milliseconds
For documentation on this error, please visit: http://seleniumhq.org/exceptions/invalid_selector_exception.html
Build info: version: '2.45.0', revision: '5017cb8e7ca8e37638dc3091b2440b90a1d8686f', time: '2015-02-27 09:10:26'
System info: host: 'framgia-PC', ip: '192.168.1.162', os.name: 'Windows 7', os.arch: 'amd64', os.version: '6.1', java.version: '1.7.0_76'
*** Element info: {Using=css selector, value=input[id=user_name}
Session ID: 3c91279c-7dd9-47a3-bcc5-a7cdc7421348
Driver info: org.openqa.selenium.firefox.FirefoxDriver
Capabilities [{platform=WINDOWS, acceptSslCerts=true, javascriptEnabled=true, cssSelectorsEnabled=true, databaseEnabled=true, browserName=firefox, handlesAlerts=true, nativeEvents=true, webStorageEnabled=true, rotatable=false, locationContextEnabled=true, applicationCacheEnabled=true, takesScreenshot=true, version=33.0}]
	at org.openqa.selenium.remote.ErrorHandler.createThrowable(ErrorHandler.java:204)
	at org.openqa.selenium.remote.ErrorHandler.throwIfResponseFailed(ErrorHandler.java:156)
	at org.openqa.selenium.remote.RemoteWebDriver.execute(RemoteWebDriver.java:599)
	at org.openqa.selenium.remote.RemoteWebElement.execute(RemoteWebElement.java:268)
	at org.openqa.selenium.remote.RemoteWebElement.findElements(RemoteWebElement.java:187)
	at org.openqa.selenium.remote.RemoteWebElement.findElementsByCssSelector(RemoteWebElement.java:240)
	at org.openqa.selenium.By$ByCssSelector.findElements(By.java:436)
	at org.openqa.selenium.remote.RemoteWebElement.findElements(RemoteWebElement.java:163)
	at geb.navigator.NonEmptyNavigator.find(NonEmptyNavigator.groovy:59)
	at geb.content.NavigableSupport.$(NavigableSupport.groovy:63)
	at geb.content.PageContentTemplateFactoryDelegate.$(PageContentTemplateFactoryDelegate.groovy:118)
	at SignUpPage._clinit__closure1_closure4(SignUpPage.groovy:12)
	at SignUpPage._clinit__closure1_closure4(SignUpPage.groovy)
	at geb.content.PageContentTemplate.invokeFactory(PageContentTemplate.groovy:97)
	at geb.content.PageContentTemplate.create_closure1(PageContentTemplate.groovy:59)
	at geb.content.PageContentTemplate.create_closure1(PageContentTemplate.groovy)
	at geb.content.PageContentTemplate.create(PageContentTemplate.groovy:82)
	at geb.content.PageContentTemplate.get(PageContentTemplate.groovy:54)
	at geb.content.PageContentSupport.getContent(PageContentSupport.groovy:43)
	at geb.content.PageContentSupport.propertyMissing(PageContentSupport.groovy:71)
	at geb.Page.propertyMissing(Page.groovy:77)
	at geb.Browser.propertyMissing(Browser.groovy:217)
	at geb.spock.GebSpec.propertyMissing(GebSpec.groovy:62)
	at SignUpSpec.sign up with valid username and password(SignUpSpec.groovy:27)
Caused by: org.openqa.selenium.InvalidSelectorException: The given selector input[id=user_name is either invalid or does not result in a WebElement. The following error occurred:
InvalidSelectorError: An invalid or illegal selector was specified
For documentation on this error, please visit: http://seleniumhq.org/exceptions/invalid_selector_exception.html
Build info: version: '2.45.0', revision: '5017cb8e7ca8e37638dc3091b2440b90a1d8686f', time: '2015-02-27 09:10:26'
System info: host: 'framgia-PC', ip: '192.168.1.162', os.name: 'Windows 7', os.arch: 'amd64', os.version: '6.1', java.version: '1.7.0_76'
Driver info: driver.version: unknown
	at <anonymous class>.FirefoxDriver.annotateInvalidSelectorError_(file:///C:/Users/framgia/AppData/Local/Temp/anonymous1435994505884860021webdriver-profile/extensions/fxdriver@googlecode.com/components/driver-component.js:10245)
	at <anonymous class>.FirefoxDriver.prototype.findElementsInternal_(file:///C:/Users/framgia/AppData/Local/Temp/anonymous1435994505884860021webdriver-profile/extensions/fxdriver@googlecode.com/components/driver-component.js:10303)
	at <anonymous class>.FirefoxDriver.prototype.findChildElements(file:///C:/Users/framgia/AppData/Local/Temp/anonymous1435994505884860021webdriver-profile/extensions/fxdriver@googlecode.com/components/driver-component.js:10310)
	at <anonymous class>.DelayedCommand.prototype.executeInternal_/h(file:///C:/Users/framgia/AppData/Local/Temp/anonymous1435994505884860021webdriver-profile/extensions/fxdriver@googlecode.com/components/command-processor.js:12274)
	at <anonymous class>.DelayedCommand.prototype.executeInternal_(file:///C:/Users/framgia/AppData/Local/Temp/anonymous1435994505884860021webdriver-profile/extensions/fxdriver@googlecode.com/components/command-processor.js:12279)
	at <anonymous class>.DelayedCommand.prototype.execute/<(file:///C:/Users/framgia/AppData/Local/Temp/anonymous1435994505884860021webdriver-profile/extensions/fxdriver@googlecode.com/components/command-processor.js:12221)
]]></error>
  </testcase>
</testsuite>